<?xml version="1.0" encoding="UTF-8"?>
<testsuite xmlns:xsi="http://www.w3.org/2001/XMLSchema-instance" xsi:noNamespaceSchemaLocation="https://maven.apache.org/surefire/maven-surefire-plugin/xsd/surefire-test-report.xsd" name="TestSuite" time="2.9" tests="2" errors="0" skipped="0" failures="0">
  <properties>
[...]
</properties>
  <testcase name="login_test1" classname="TestFeatures.LoginFeatureTest" time="0.037"/>
  <testcase name="testNameMkyong" classname="TestFeatures.TestMessageBuilder" time="0.001"/>
</testsuite>