<?xml version="1.0" encoding="UTF-8"?>
<testng-results ignored="0" total="2" passed="2" failed="0" skipped="0">
  <reporter-output>
  </reporter-output>
  <suite started-at="2023-05-06T14:24:08Z" name="Suite" finished-at="2023-05-06T14:24:08Z" duration-ms="146">
    <groups>
    </groups>
    <test started-at="2023-05-06T14:24:08Z" name="Test" finished-at="2023-05-06T14:24:08Z" duration-ms="146">
      <class name="TestFeatures.LoginFeatureTest">
        <test-method signature="login_test1()[pri:0, instance:TestFeatures.LoginFeatureTest@1358b28e]" started-at="2023-05-06T14:24:08Z" name="login_test1" finished-at="2023-05-06T14:24:08Z" duration-ms="39" status="PASS">
          <reporter-output>
          </reporter-output>
        </test-method> <!-- login_test1 -->
      </class> <!-- TestFeatures.LoginFeatureTest -->
      <class name="TestFeatures.TestMessageBuilder">
        <test-method signature="testNameMkyong()[pri:0, instance:TestFeatures.TestMessageBuilder@1a78dacd]" started-at="2023-05-06T14:24:08Z" name="testNameMkyong" finished-at="2023-05-06T14:24:08Z" duration-ms="2" status="PASS">
          <reporter-output>
          </reporter-output>
        </test-method> <!-- testNameMkyong -->
      </class> <!-- TestFeatures.TestMessageBuilder -->
    </test> <!-- Test -->
  </suite> <!-- Suite -->
</testng-results>
