<?xml version="1.0" encoding="UTF-8"?>
<testng-results ignored="0" total="1" passed="1" failed="0" skipped="0">
  <reporter-output>
  </reporter-output>
  <suite started-at="2023-05-06T05:44:19 GMT-07:00" name="Default suite" finished-at="2023-05-06T05:44:19 GMT-07:00" duration-ms="39">
    <groups>
    </groups>
    <test started-at="2023-05-06T05:44:19 GMT-07:00" name="Default test" finished-at="2023-05-06T05:44:19 GMT-07:00" duration-ms="39">
      <class name="TestFeatures.TestMessageBuilder">
        <test-method signature="testNameMkyong()[pri:0, instance:TestFeatures.TestMessageBuilder@2cdd0d4b]" started-at="2023-05-06T05:44:19 GMT-07:00" name="testNameMkyong" finished-at="2023-05-06T05:44:19 GMT-07:00" duration-ms="8" status="PASS">
          <reporter-output>
          </reporter-output>
        </test-method> <!-- testNameMkyong -->
      </class> <!-- TestFeatures.TestMessageBuilder -->
    </test> <!-- Default test -->
  </suite> <!-- Default suite -->
</testng-results>
